{"meta": {"format": 3, "version": "7.10.7", "timestamp": "2026-07-11T23:55:27.824957", "branch_coverage": false, "show_contexts": false}, "files": {"aimarket_mcp/__init__.py": {"executed_lines": [1, 6], "summary": {"covered_lines": 1, "num_statements": 1, "percent_covered": 100.0, "percent_covered_display": "100", "missing_lines": 0, "excluded_lines": 0}, "missing_lines": [], "excluded_lines": [], "functions": {"": {"executed_lines": [1, 6], "summary": {"covered_lines": 1, "num_statements": 1, "percent_covered": 100.0, "percent_covered_display": "100", "missing_lines": 0, "excluded_lines": 0}, "missing_lines": [], "excluded_lines": []}}, "classes": {"": {"executed_lines": [1, 6], "summary": {"covered_lines": 1, "num_statements": 1, "percent_covered": 100.0, "percent_covered_display": "100", "missing_lines": 0, "excluded_lines": 0}, "missing_lines": [], "excluded_lines": []}}}, "aimarket_mcp/security.py": {"executed_lines": [1, 5, 7, 8, 9, 10, 11, 12, 14, 16, 20, 21, 22, 25, 26, 27, 28, 30, 31, 32, 33, 34, 35, 40, 43, 44, 45, 46, 47, 48, 50, 51, 52, 53, 54, 55, 58, 79, 86, 89, 92, 93, 95, 96, 97, 98, 99, 100, 103, 104, 105, 106, 107, 110, 113, 114, 115, 116, 117, 118, 119, 120, 121, 122, 123, 124, 125, 127], "summary": {"covered_lines": 67, "num_statements": 92, "percent_covered": 72.82608695652173, "percent_covered_display": "73", "missing_lines": 25, "excluded_lines": 0}, "missing_lines": [37, 38, 39, 49, 61, 62, 63, 64, 65, 66, 67, 68, 69, 70, 71, 72, 73, 74, 75, 76, 81, 82, 83, 94, 126], "excluded_lines": [], "functions": {"_is_private_ip": {"executed_lines": [26, 27, 28, 30, 31, 32, 33, 34, 35, 40], "summary": {"covered_lines": 10, "num_statements": 13, "percent_covered": 76.92307692307692, "percent_covered_display": "77", "missing_lines": 3, "excluded_lines": 0}, "missing_lines": [37, 38, 39], "excluded_lines": []}, "validate_url": {"executed_lines": [44, 45, 46, 47, 48, 50, 51, 52, 53, 54, 55], "summary": {"covered_lines": 11, "num_statements": 12, "percent_covered": 91.66666666666667, "percent_covered_display": "92", "missing_lines": 1, "excluded_lines": 0}, "missing_lines": [49], "excluded_lines": []}, "safe_get": {"executed_lines": [], "summary": {"covered_lines": 0, "num_statements": 16, "percent_covered": 0.0, "percent_covered_display": "0", "missing_lines": 16, "excluded_lines": 0}, "missing_lines": [61, 62, 63, 64, 65, 66, 67, 68, 69, 70, 71, 72, 73, 74, 75, 76], "excluded_lines": []}, "safe_post": {"executed_lines": [], "summary": {"covered_lines": 0, "num_statements": 3, "percent_covered": 0.0, "percent_covered_display": "0", "missing_lines": 3, "excluded_lines": 0}, "missing_lines": [81, 82, 83], "excluded_lines": []}, "sanitize_tool_output": {"executed_lines": [92, 93, 95, 96, 97, 98, 99, 100], "summary": {"covered_lines": 8, "num_statements": 9, "percent_covered": 88.88888888888889, "percent_covered_display": "89", "missing_lines": 1, "excluded_lines": 0}, "missing_lines": [94], "excluded_lines": []}, "extract_main_text": {"executed_lines": [113, 114, 115, 116, 117, 118, 119, 120, 121, 122, 123, 124, 125, 127], "summary": {"covered_lines": 14, "num_statements": 15, "percent_covered": 93.33333333333333, "percent_covered_display": "93", "missing_lines": 1, "excluded_lines": 0}, "missing_lines": [126], "excluded_lines": []}, "": {"executed_lines": [1, 5, 7, 8, 9, 10, 11, 12, 14, 16, 20, 21, 22, 25, 43, 58, 79, 86, 89, 103, 104, 105, 106, 107, 110], "summary": {"covered_lines": 24, "num_statements": 24, "percent_covered": 100.0, "percent_covered_display": "100", "missing_lines": 0, "excluded_lines": 0}, "missing_lines": [], "excluded_lines": []}}, "classes": {"": {"executed_lines": [1, 5, 7, 8, 9, 10, 11, 12, 14, 16, 20, 21, 22, 25, 26, 27, 28, 30, 31, 32, 33, 34, 35, 40, 43, 44, 45, 46, 47, 48, 50, 51, 52, 53, 54, 55, 58, 79, 86, 89, 92, 93, 95, 96, 97, 98, 99, 100, 103, 104, 105, 106, 107, 110, 113, 114, 115, 116, 117, 118, 119, 120, 121, 122, 123, 124, 125, 127], "summary": {"covered_lines": 67, "num_statements": 92, "percent_covered": 72.82608695652173, "percent_covered_display": "73", "missing_lines": 25, "excluded_lines": 0}, "missing_lines": [37, 38, 39, 49, 61, 62, 63, 64, 65, 66, 67, 68, 69, 70, 71, 72, 73, 74, 75, 76, 81, 82, 83, 94, 126], "excluded_lines": []}}}, "aimarket_mcp/server.py": {"executed_lines": [1, 8, 10, 11, 12, 13, 14, 16, 17, 18, 19, 21, 23, 24, 25, 27, 28, 30, 31, 34, 35, 36, 37, 38, 39, 42, 43, 46, 47, 50, 52, 53, 54, 55, 56, 57, 60, 61, 62, 63, 64, 65, 67, 69, 72, 75, 76, 77, 78, 79, 82, 83, 87, 88, 89, 92, 93, 95, 96, 97, 103, 106, 107, 109, 111, 112, 113, 114, 115, 116, 117, 118, 120, 121, 127, 132, 139, 145], "summary": {"covered_lines": 77, "num_statements": 91, "percent_covered": 84.61538461538461, "percent_covered_display": "85", "missing_lines": 14, "excluded_lines": 0}, "missing_lines": [66, 70, 71, 80, 84, 85, 104, 119, 124, 128, 140, 141, 142, 146], "excluded_lines": [], "functions": {"_sse": {"executed_lines": [35, 36, 37, 38, 39], "summary": {"covered_lines": 5, "num_statements": 5, "percent_covered": 100.0, "percent_covered_display": "100", "missing_lines": 0, "excluded_lines": 0}, "missing_lines": [], "excluded_lines": []}, "_err": {"executed_lines": [43], "summary": {"covered_lines": 1, "num_statements": 1, "percent_covered": 100.0, "percent_covered_display": "100", "missing_lines": 0, "excluded_lines": 0}, "missing_lines": [], "excluded_lines": []}, "_ok": {"executed_lines": [47], "summary": {"covered_lines": 1, "num_statements": 1, "percent_covered": 100.0, "percent_covered_display": "100", "missing_lines": 0, "excluded_lines": 0}, "missing_lines": [], "excluded_lines": []}, "_auth_ok": {"executed_lines": [52, 53, 54, 55, 56, 57], "summary": {"covered_lines": 6, "num_statements": 6, "percent_covered": 100.0, "percent_covered_display": "100", "missing_lines": 0, "excluded_lines": 0}, "missing_lines": [], "excluded_lines": []}, "_rate_ok": {"executed_lines": [61, 62, 63, 64, 65, 67, 69, 72], "summary": {"covered_lines": 8, "num_statements": 11, "percent_covered": 72.72727272727273, "percent_covered_display": "73", "missing_lines": 3, "excluded_lines": 0}, "missing_lines": [66, 70, 71], "excluded_lines": []}, "handle_rpc": {"executed_lines": [76, 77, 78, 79, 82, 83, 87, 88, 89, 92, 93, 95, 96, 97, 103, 106, 107, 109, 111, 112, 113, 114, 115, 116, 117, 118, 120, 121], "summary": {"covered_lines": 28, "num_statements": 34, "percent_covered": 82.3529411764706, "percent_covered_display": "82", "missing_lines": 6, "excluded_lines": 0}, "missing_lines": [80, 84, 85, 104, 119, 124], "excluded_lines": []}, "health": {"executed_lines": [], "summary": {"covered_lines": 0, "num_statements": 1, "percent_covered": 0.0, "percent_covered_display": "0", "missing_lines": 1, "excluded_lines": 0}, "missing_lines": [128], "excluded_lines": []}, "main": {"executed_lines": [], "summary": {"covered_lines": 0, "num_statements": 3, "percent_covered": 0.0, "percent_covered_display": "0", "missing_lines": 3, "excluded_lines": 0}, "missing_lines": [140, 141, 142], "excluded_lines": []}, "": {"executed_lines": [1, 8, 10, 11, 12, 13, 14, 16, 17, 18, 19, 21, 23, 24, 25, 27, 28, 30, 31, 34, 42, 46, 50, 60, 75, 127, 132, 139, 145], "summary": {"covered_lines": 28, "num_statements": 29, "percent_covered": 96.55172413793103, "percent_covered_display": "97", "missing_lines": 1, "excluded_lines": 0}, "missing_lines": [146], "excluded_lines": []}}, "classes": {"": {"executed_lines": [1, 8, 10, 11, 12, 13, 14, 16, 17, 18, 19, 21, 23, 24, 25, 27, 28, 30, 31, 34, 35, 36, 37, 38, 39, 42, 43, 46, 47, 50, 52, 53, 54, 55, 56, 57, 60, 61, 62, 63, 64, 65, 67, 69, 72, 75, 76, 77, 78, 79, 82, 83, 87, 88, 89, 92, 93, 95, 96, 97, 103, 106, 107, 109, 111, 112, 113, 114, 115, 116, 117, 118, 120, 121, 127, 132, 139, 145], "summary": {"covered_lines": 77, "num_statements": 91, "percent_covered": 84.61538461538461, "percent_covered_display": "85", "missing_lines": 14, "excluded_lines": 0}, "missing_lines": [66, 70, 71, 80, 84, 85, 104, 119, 124, 128, 140, 141, 142, 146], "excluded_lines": []}}}, "aimarket_mcp/tools.py": {"executed_lines": [1, 8, 10, 11, 12, 14, 16, 17, 18, 21, 22, 23, 25, 36, 48, 67, 109], "summary": {"covered_lines": 16, "num_statements": 46, "percent_covered": 34.78260869565217, "percent_covered_display": "35", "missing_lines": 30, "excluded_lines": 0}, "missing_lines": [24, 26, 27, 28, 29, 30, 32, 33, 37, 38, 39, 40, 41, 42, 43, 44, 45, 49, 50, 51, 52, 53, 54, 55, 56, 58, 59, 60, 61, 64], "excluded_lines": [], "functions": {"web_fetch": {"executed_lines": [22, 23, 25], "summary": {"covered_lines": 3, "num_statements": 11, "percent_covered": 27.272727272727273, "percent_covered_display": "27", "missing_lines": 8, "excluded_lines": 0}, "missing_lines": [24, 26, 27, 28, 29, 30, 32, 33], "excluded_lines": []}, "web_search": {"executed_lines": [], "summary": {"covered_lines": 0, "num_statements": 9, "percent_covered": 0.0, "percent_covered_display": "0", "missing_lines": 9, "excluded_lines": 0}, "missing_lines": [37, 38, 39, 40, 41, 42, 43, 44, 45], "excluded_lines": []}, "metis_verify": {"executed_lines": [], "summary": {"covered_lines": 0, "num_statements": 13, "percent_covered": 0.0, "percent_covered_display": "0", "missing_lines": 13, "excluded_lines": 0}, "missing_lines": [49, 50, 51, 52, 53, 54, 55, 56, 58, 59, 60, 61, 64], "excluded_lines": []}, "": {"executed_lines": [1, 8, 10, 11, 12, 14, 16, 17, 18, 21, 36, 48, 67, 109], "summary": {"covered_lines": 13, "num_statements": 13, "percent_covered": 100.0, "percent_covered_display": "100", "missing_lines": 0, "excluded_lines": 0}, "missing_lines": [], "excluded_lines": []}}, "classes": {"": {"executed_lines": [1, 8, 10, 11, 12, 14, 16, 17, 18, 21, 22, 23, 25, 36, 48, 67, 109], "summary": {"covered_lines": 16, "num_statements": 46, "percent_covered": 34.78260869565217, "percent_covered_display": "35", "missing_lines": 30, "excluded_lines": 0}, "missing_lines": [24, 26, 27, 28, 29, 30, 32, 33, 37, 38, 39, 40, 41, 42, 43, 44, 45, 49, 50, 51, 52, 53, 54, 55, 56, 58, 59, 60, 61, 64], "excluded_lines": []}}}}, "totals": {"covered_lines": 161, "num_statements": 230, "percent_covered": 70.0, "percent_covered_display": "70", "missing_lines": 69, "excluded_lines": 0}}